Starting Excel Import...
Skipping header row: Stat.Date:, 2025-05-01 ~ 2025-05-05
Skipping header row: ID, Name
Database connected successfully
Skipping header row: Stat.Date:, 2025-05-01 ~ 2025-05-05
Skipping header row: ID, Name
Found 6 unique employees and 30 attendance records.
Updated employee: ID=1, Name=JM
Updated employee: ID=821, Name=85
Updated employee: ID=00, Name=mnfv, jhf mhf
Updated employee: ID=2, Name=Mara
Updated employee: ID=3, Name=Mj
Updated employee: ID=4444, Name=Mark
Inserted attendance record: ID=1, Date=2025-05-01
Inserted attendance record: ID=1, Date=2025-05-02
Inserted attendance record: ID=1, Date=2025-05-03
Inserted attendance record: ID=1, Date=2025-05-04
Inserted attendance record: ID=1, Date=2025-05-05
Inserted attendance record: ID=821, Date=2025-05-01
Inserted attendance record: ID=821, Date=2025-05-02
Inserted attendance record: ID=821, Date=2025-05-03
Inserted attendance record: ID=821, Date=2025-05-04
Inserted attendance record: ID=821, Date=2025-05-05
Inserted attendance record: ID=00, Date=2025-05-01
Inserted attendance record: ID=00, Date=2025-05-02
Inserted attendance record: ID=00, Date=2025-05-03
Inserted attendance record: ID=00, Date=2025-05-04
Inserted attendance record: ID=00, Date=2025-05-05
Inserted attendance record: ID=2, Date=2025-05-01
Inserted attendance record: ID=2, Date=2025-05-02
Inserted attendance record: ID=2, Date=2025-05-03
Inserted attendance record: ID=2, Date=2025-05-04
Inserted attendance record: ID=2, Date=2025-05-05
Inserted attendance record: ID=3, Date=2025-05-01
Inserted attendance record: ID=3, Date=2025-05-02
Inserted attendance record: ID=3, Date=2025-05-03
Inserted attendance record: ID=3, Date=2025-05-04
Inserted attendance record: ID=3, Date=2025-05-05
Inserted attendance record: ID=4444, Date=2025-05-01
Inserted attendance record: ID=4444, Date=2025-05-02
Inserted attendance record: ID=4444, Date=2025-05-03
Inserted attendance record: ID=4444, Date=2025-05-04
Inserted attendance record: ID=4444, Date=2025-05-05
Import successful: Added 0 new employees, updated 6 existing employees, added 30 new attendance records.
